Parsed with column specification:
cols(
  Plate_ID = col_character(),
  index2 = col_character(),
  RNA_copies = col_double(),
  RNA_origin = col_character(),
  spike_copies = col_integer(),
  lysate = col_character(),
  nCoV_amplicon = col_character(),
  nCoV_primer_nM = col_integer(),
  RPP30_primer_nM = col_integer(),
  RPP30_inner_primer_nM = col_integer(),
  bc_set = col_character(),
  RT_temp = col_integer(),
  PCR_cycles = col_integer(),
  Sample_Well = col_character(),
  index = col_character(),
  Sample_ID = col_character()
)
Parsed with column specification:
cols(
  sequence = col_character(),
  target = col_character(),
  amplicon = col_character(),
  bc_set = col_character()
)
